This is pdfTeX, Version 3.1415926-2.5-1.40.14 (TeX Live 2013) (format=pdflatex 2014.4.4)  7 JUN 2014 18:46
entering extended mode
 restricted \write18 enabled.
 %&-line parsing enabled.
**thesis.tex -recorder
(./thesis.tex
LaTeX2e <2011/06/27>
Babel <3.9k> and hyphenation patterns for 78 languages loaded.
(/usr/local/texlive/2013/texmf-dist/tex/latex/base/book.cls
Document Class: book 2007/10/19 v1.4h Standard LaTeX document class
(/usr/local/texlive/2013/texmf-dist/tex/latex/base/bk11.clo
File: bk11.clo 2007/10/19 v1.4h Standard LaTeX file (size option)
)
\c@part=\count79
\c@chapter=\count80
\c@section=\count81
\c@subsection=\count82
\c@subsubsection=\count83
\c@paragraph=\count84
\c@subparagraph=\count85
\c@figure=\count86
\c@table=\count87
\abovecaptionskip=\skip41
\belowcaptionskip=\skip42
\bibindent=\dimen102
)
(./base/definitions.tex
(/usr/local/texlive/2013/texmf-dist/tex/latex/xmpincl/xmpincl.sty
Package: xmpincl 2008/05/10 v2.2 Include XMP data in pdflatex

(/usr/local/texlive/2013/texmf-dist/tex/generic/oberdiek/ifpdf.sty
Package: ifpdf 2011/01/30 v2.3 Provides the ifpdf switch (HO)
Package ifpdf Info: pdfTeX in PDF mode is detected.
)
(/usr/local/texlive/2013/texmf-dist/tex/latex/base/ifthen.sty
Package: ifthen 2001/05/26 v1.1c Standard LaTeX ifthen package (DPC)
))
(/usr/local/texlive/2013/texmf-dist/tex/latex/amsmath/amsmath.sty
Package: amsmath 2013/01/14 v2.14 AMS math features
\@mathmargin=\skip43

For additional information on amsmath, use the `?' option.
(/usr/local/texlive/2013/texmf-dist/tex/latex/amsmath/amstext.sty
Package: amstext 2000/06/29 v2.01

(/usr/local/texlive/2013/texmf-dist/tex/latex/amsmath/amsgen.sty
File: amsgen.sty 1999/11/30 v2.0
\@emptytoks=\toks14
\ex@=\dimen103
))
(/usr/local/texlive/2013/texmf-dist/tex/latex/amsmath/amsbsy.sty
Package: amsbsy 1999/11/29 v1.2d
\pmbraise@=\dimen104
)
(/usr/local/texlive/2013/texmf-dist/tex/latex/amsmath/amsopn.sty
Package: amsopn 1999/12/14 v2.01 operator names
)
\inf@bad=\count88
LaTeX Info: Redefining \frac on input line 210.
\uproot@=\count89
\leftroot@=\count90
LaTeX Info: Redefining \overline on input line 306.
\classnum@=\count91
\DOTSCASE@=\count92
LaTeX Info: Redefining \ldots on input line 378.
LaTeX Info: Redefining \dots on input line 381.
LaTeX Info: Redefining \cdots on input line 466.
\Mathstrutbox@=\box26
\strutbox@=\box27
\big@size=\dimen105
LaTeX Font Info:    Redeclaring font encoding OML on input line 566.
LaTeX Font Info:    Redeclaring font encoding OMS on input line 567.
\macc@depth=\count93
\c@MaxMatrixCols=\count94
\dotsspace@=\muskip10
\c@parentequation=\count95
\dspbrk@lvl=\count96
\tag@help=\toks15
\row@=\count97
\column@=\count98
\maxfields@=\count99
\andhelp@=\toks16
\eqnshift@=\dimen106
\alignsep@=\dimen107
\tagshift@=\dimen108
\tagwidth@=\dimen109
\totwidth@=\dimen110
\lineht@=\dimen111
\@envbody=\toks17
\multlinegap=\skip44
\multlinetaggap=\skip45
\mathdisplay@stack=\toks18
LaTeX Info: Redefining \[ on input line 2665.
LaTeX Info: Redefining \] on input line 2666.
)
(/usr/local/texlive/2013/texmf-dist/tex/latex/amsfonts/amssymb.sty
Package: amssymb 2013/01/14 v3.01 AMS font symbols

(/usr/local/texlive/2013/texmf-dist/tex/latex/amsfonts/amsfonts.sty
Package: amsfonts 2013/01/14 v3.01 Basic AMSFonts support
\symAMSa=\mathgroup4
\symAMSb=\mathgroup5
LaTeX Font Info:    Overwriting math alphabet `\mathfrak' in version `bold'
(Font)                  U/euf/m/n --> U/euf/b/n on input line 106.
))
(/usr/local/texlive/2013/texmf-dist/tex/latex/parskip/parskip.sty
Package: parskip 2001/04/09 non-zero parskip adjustments
)
(/usr/local/texlive/2013/texmf-dist/tex/latex/float/float.sty
Package: float 2001/11/08 v1.3d Float enhancements (AL)
\c@float@type=\count100
\float@exts=\toks19
\float@box=\box28
\@float@everytoks=\toks20
\@floatcapt=\box29
)
(/usr/local/texlive/2013/texmf-dist/tex/latex/fancyhdr/fancyhdr.sty
\fancy@headwidth=\skip46
\f@ncyO@elh=\skip47
\f@ncyO@erh=\skip48
\f@ncyO@olh=\skip49
\f@ncyO@orh=\skip50
\f@ncyO@elf=\skip51
\f@ncyO@erf=\skip52
\f@ncyO@olf=\skip53
\f@ncyO@orf=\skip54
)
(/usr/local/texlive/2013/texmf-dist/tex/latex/graphics/graphicx.sty
Package: graphicx 1999/02/16 v1.0f Enhanced LaTeX Graphics (DPC,SPQR)

(/usr/local/texlive/2013/texmf-dist/tex/latex/graphics/keyval.sty
Package: keyval 1999/03/16 v1.13 key=value parser (DPC)
\KV@toks@=\toks21
)
(/usr/local/texlive/2013/texmf-dist/tex/latex/graphics/graphics.sty
Package: graphics 2009/02/05 v1.0o Standard LaTeX Graphics (DPC,SPQR)

(/usr/local/texlive/2013/texmf-dist/tex/latex/graphics/trig.sty
Package: trig 1999/03/16 v1.09 sin cos tan (DPC)
)
(/usr/local/texlive/2013/texmf-dist/tex/latex/latexconfig/graphics.cfg
File: graphics.cfg 2010/04/23 v1.9 graphics configuration of TeX Live
)
Package graphics Info: Driver file: pdftex.def on input line 91.

(/usr/local/texlive/2013/texmf-dist/tex/latex/pdftex-def/pdftex.def
File: pdftex.def 2011/05/27 v0.06d Graphics/color for pdfTeX

(/usr/local/texlive/2013/texmf-dist/tex/generic/oberdiek/infwarerr.sty
Package: infwarerr 2010/04/08 v1.3 Providing info/warning/error messages (HO)
)
(/usr/local/texlive/2013/texmf-dist/tex/generic/oberdiek/ltxcmds.sty
Package: ltxcmds 2011/11/09 v1.22 LaTeX kernel commands for general use (HO)
)
\Gread@gobject=\count101
))
\Gin@req@height=\dimen112
\Gin@req@width=\dimen113
)
(/usr/local/texlive/2013/texmf-dist/tex/latex/graphics/color.sty
Package: color 2005/11/14 v1.0j Standard LaTeX Color (DPC)

(/usr/local/texlive/2013/texmf-dist/tex/latex/latexconfig/color.cfg
File: color.cfg 2007/01/18 v1.5 color configuration of teTeX/TeXLive
)
Package color Info: Driver file: pdftex.def on input line 130.
)
(/usr/local/texlive/2013/texmf-dist/tex/latex/hyperref/hyperref.sty
Package: hyperref 2012/11/06 v6.83m Hypertext links for LaTeX

(/usr/local/texlive/2013/texmf-dist/tex/generic/oberdiek/hobsub-hyperref.sty
Package: hobsub-hyperref 2012/05/28 v1.13 Bundle oberdiek, subset hyperref (HO)


(/usr/local/texlive/2013/texmf-dist/tex/generic/oberdiek/hobsub-generic.sty
Package: hobsub-generic 2012/05/28 v1.13 Bundle oberdiek, subset generic (HO)
Package: hobsub 2012/05/28 v1.13 Construct package bundles (HO)
Package hobsub Info: Skipping package `infwarerr' (already loaded).
Package hobsub Info: Skipping package `ltxcmds' (already loaded).
Package: ifluatex 2010/03/01 v1.3 Provides the ifluatex switch (HO)
Package ifluatex Info: LuaTeX not detected.
Package: ifvtex 2010/03/01 v1.5 Detect VTeX and its facilities (HO)
Package ifvtex Info: VTeX not detected.
Package: intcalc 2007/09/27 v1.1 Expandable calculations with integers (HO)
Package hobsub Info: Skipping package `ifpdf' (already loaded).
Package: etexcmds 2011/02/16 v1.5 Avoid name clashes with e-TeX commands (HO)
Package etexcmds Info: Could not find \expanded.
(etexcmds)             That can mean that you are not using pdfTeX 1.50 or
(etexcmds)             that some package has redefined \expanded.
(etexcmds)             In the latter case, load this package earlier.
Package: kvsetkeys 2012/04/25 v1.16 Key value parser (HO)
Package: kvdefinekeys 2011/04/07 v1.3 Define keys (HO)
Package: pdftexcmds 2011/11/29 v0.20 Utility functions of pdfTeX for LuaTeX (HO
)
Package pdftexcmds Info: LuaTeX not detected.
Package pdftexcmds Info: \pdf@primitive is available.
Package pdftexcmds Info: \pdf@ifprimitive is available.
Package pdftexcmds Info: \pdfdraftmode found.
Package: pdfescape 2011/11/25 v1.13 Implements pdfTeX's escape features (HO)
Package: bigintcalc 2012/04/08 v1.3 Expandable calculations on big integers (HO
)
Package: bitset 2011/01/30 v1.1 Handle bit-vector datatype (HO)
Package: uniquecounter 2011/01/30 v1.2 Provide unlimited unique counter (HO)
)
Package hobsub Info: Skipping package `hobsub' (already loaded).
Package: letltxmacro 2010/09/02 v1.4 Let assignment for LaTeX macros (HO)
Package: hopatch 2012/05/28 v1.2 Wrapper for package hooks (HO)
Package: xcolor-patch 2011/01/30 xcolor patch
Package: atveryend 2011/06/30 v1.8 Hooks at the very end of document (HO)
Package atveryend Info: \enddocument detected (standard20110627).
Package: atbegshi 2011/10/05 v1.16 At begin shipout hook (HO)
Package: refcount 2011/10/16 v3.4 Data extraction from label references (HO)
Package: hycolor 2011/01/30 v1.7 Color options for hyperref/bookmark (HO)
)
(/usr/local/texlive/2013/texmf-dist/tex/generic/ifxetex/ifxetex.sty
Package: ifxetex 2010/09/12 v0.6 Provides ifxetex conditional
)
(/usr/local/texlive/2013/texmf-dist/tex/latex/oberdiek/auxhook.sty
Package: auxhook 2011/03/04 v1.3 Hooks for auxiliary files (HO)
)
(/usr/local/texlive/2013/texmf-dist/tex/latex/oberdiek/kvoptions.sty
Package: kvoptions 2011/06/30 v3.11 Key value format for package options (HO)
)
\@linkdim=\dimen114
\Hy@linkcounter=\count102
\Hy@pagecounter=\count103

(/usr/local/texlive/2013/texmf-dist/tex/latex/hyperref/pd1enc.def
File: pd1enc.def 2012/11/06 v6.83m Hyperref: PDFDocEncoding definition (HO)
)
\Hy@SavedSpaceFactor=\count104

(/usr/local/texlive/2013/texmf-dist/tex/latex/latexconfig/hyperref.cfg
File: hyperref.cfg 2002/06/06 v1.2 hyperref configuration of TeXLive
)
Package hyperref Info: Option `colorlinks' set `true' on input line 4319.
Package hyperref Info: Option `breaklinks' set `true' on input line 4319.
Package hyperref Info: Hyper figures OFF on input line 4443.
Package hyperref Info: Link nesting OFF on input line 4448.
Package hyperref Info: Hyper index ON on input line 4451.
Package hyperref Info: Plain pages OFF on input line 4458.
Package hyperref Info: Backreferencing OFF on input line 4463.
Package hyperref Info: Implicit mode ON; LaTeX internals redefined.
Package hyperref Info: Bookmarks ON on input line 4688.
\c@Hy@tempcnt=\count105

(/usr/local/texlive/2013/texmf-dist/tex/latex/url/url.sty
\Urlmuskip=\muskip11
Package: url 2013/09/16  ver 3.4  Verb mode for urls, etc.
)
LaTeX Info: Redefining \url on input line 5041.
\XeTeXLinkMargin=\dimen115
\Fld@menulength=\count106
\Field@Width=\dimen116
\Fld@charsize=\dimen117
Package hyperref Info: Hyper figures OFF on input line 6295.
Package hyperref Info: Link nesting OFF on input line 6300.
Package hyperref Info: Hyper index ON on input line 6303.
Package hyperref Info: backreferencing OFF on input line 6310.
Package hyperref Info: Link coloring ON on input line 6313.
Package hyperref Info: Link coloring with OCG OFF on input line 6320.
Package hyperref Info: PDF/A mode OFF on input line 6325.
LaTeX Info: Redefining \ref on input line 6365.
LaTeX Info: Redefining \pageref on input line 6369.
\Hy@abspage=\count107
\c@Item=\count108
\c@Hfootnote=\count109
)

Package hyperref Message: Driver (autodetected): hpdftex.

(/usr/local/texlive/2013/texmf-dist/tex/latex/hyperref/hpdftex.def
File: hpdftex.def 2012/11/06 v6.83m Hyperref driver for pdfTeX
\Fld@listcount=\count110
\c@bookmark@seq@number=\count111

(/usr/local/texlive/2013/texmf-dist/tex/latex/oberdiek/rerunfilecheck.sty
Package: rerunfilecheck 2011/04/15 v1.7 Rerun checks for auxiliary files (HO)
Package uniquecounter Info: New unique counter `rerunfilecheck' on input line 2
82.
)
\Hy@SectionHShift=\skip55
)
(/usr/local/texlive/2013/texmf-dist/tex/latex/minitoc/minitoc.sty
Package: minitoc 2008/07/16 v60 Package minitoc (JPFD)

(/usr/local/texlive/2013/texmf-dist/tex/latex/minitoc/mtcmess.sty
Package: mtcmess 2006/03/14
)
Package minitoc Info: I0001
(minitoc)             *** minitoc package, version 60 ***.
\tf@mtc=\write3
\mtcindent=\skip56
\mtcskipamount=\skip57
Package minitoc Info: I0005
(minitoc)             compatible with hyperref.
Package minitoc Info: I0023
(minitoc)             part level macros available.
Package minitoc Info: I0003
(minitoc)             chapter level macros available.
\mtc@toks=\toks22
\mtc@strutbox=\box30
\mtc@hstrutbox=\box31
Package minitoc Info: I0002
(minitoc)             Autoconfiguration of extensions.
\openout3 = `thesis.mtc0'.

\openout3 = `thesis.mtc'.


(./thesis.mtc0)
Package minitoc Info: I0012
(minitoc)             Long extensions (Unix-like) will be used.
Package minitoc Info: I0031
(minitoc)             ==> this version is configured for UNIX-like 
(minitoc)                 (long extensions) file names.
\openout3 = `thesis.mtc'.

\openout3 = `thesis.mtc0'.

\c@mtc=\count112
\c@minitocdepth=\count113
\c@ptc=\count114
\c@parttocdepth=\count115
\ptcindent=\skip58
Package minitoc Info: I0010
(minitoc)             The english language is selected.
(minitoc)              on input line 4910.

(/usr/local/texlive/2013/texmf-dist/tex/latex/minitoc/english.mld
File: english.mld 2006/01/13
)
(/usr/local/texlive/2013/texmf-dist/tex/latex/minitoc/english.mld
File: english.mld 2006/01/13
))
(/usr/local/texlive/2013/texmf-dist/tex/latex/tocbibind/tocbibind.sty
Package: tocbibind 2010/10/13 v1.5k extra ToC listings
Package tocbibind Info: The document has chapter divisions on input line 50.


Package tocbibind Note: Using chapter style headings, unless overridden.

))
\xmpinclWrite=\write4
\xmpinclRead=\read1
\openout4 = `base/CC_Attribution-NonCommercial-ShareAlike_3.0_Unported.xmpi'.

<<base/CC_Attribution-NonCommercial-ShareAlike_3.0_Unported.xmpi>>
(/usr/local/texlive/2013/texmf-dist/tex/latex/geometry/geometry.sty
Package: geometry 2010/09/12 v5.6 Page Geometry
\Gm@cnth=\count116
\Gm@cntv=\count117
\c@Gm@tempcnt=\count118
\Gm@bindingoffset=\dimen118
\Gm@wd@mp=\dimen119
\Gm@odd@mp=\dimen120
\Gm@even@mp=\dimen121
\Gm@layoutwidth=\dimen122
\Gm@layoutheight=\dimen123
\Gm@layouthoffset=\dimen124
\Gm@layoutvoffset=\dimen125
\Gm@dimlist=\toks23
)
(/usr/local/texlive/2013/texmf-dist/tex/latex/base/fontenc.sty
Package: fontenc 2005/09/27 v1.99g Standard LaTeX package

(/usr/local/texlive/2013/texmf-dist/tex/latex/base/t1enc.def
File: t1enc.def 2005/09/27 v1.99g Standard LaTeX file
LaTeX Font Info:    Redeclaring font encoding T1 on input line 43.
))
(/usr/local/texlive/2013/texmf-dist/tex/latex/lm/lmodern.sty
Package: lmodern 2009/10/30 v1.6 Latin Modern Fonts
LaTeX Font Info:    Overwriting symbol font `operators' in version `normal'
(Font)                  OT1/cmr/m/n --> OT1/lmr/m/n on input line 22.
LaTeX Font Info:    Overwriting symbol font `letters' in version `normal'
(Font)                  OML/cmm/m/it --> OML/lmm/m/it on input line 23.
LaTeX Font Info:    Overwriting symbol font `symbols' in version `normal'
(Font)                  OMS/cmsy/m/n --> OMS/lmsy/m/n on input line 24.
LaTeX Font Info:    Overwriting symbol font `largesymbols' in version `normal'
(Font)                  OMX/cmex/m/n --> OMX/lmex/m/n on input line 25.
LaTeX Font Info:    Overwriting symbol font `operators' in version `bold'
(Font)                  OT1/cmr/bx/n --> OT1/lmr/bx/n on input line 26.
LaTeX Font Info:    Overwriting symbol font `letters' in version `bold'
(Font)                  OML/cmm/b/it --> OML/lmm/b/it on input line 27.
LaTeX Font Info:    Overwriting symbol font `symbols' in version `bold'
(Font)                  OMS/cmsy/b/n --> OMS/lmsy/b/n on input line 28.
LaTeX Font Info:    Overwriting symbol font `largesymbols' in version `bold'
(Font)                  OMX/cmex/m/n --> OMX/lmex/m/n on input line 29.
LaTeX Font Info:    Overwriting math alphabet `\mathbf' in version `normal'
(Font)                  OT1/cmr/bx/n --> OT1/lmr/bx/n on input line 31.
LaTeX Font Info:    Overwriting math alphabet `\mathsf' in version `normal'
(Font)                  OT1/cmss/m/n --> OT1/lmss/m/n on input line 32.
LaTeX Font Info:    Overwriting math alphabet `\mathit' in version `normal'
(Font)                  OT1/cmr/m/it --> OT1/lmr/m/it on input line 33.
LaTeX Font Info:    Overwriting math alphabet `\mathtt' in version `normal'
(Font)                  OT1/cmtt/m/n --> OT1/lmtt/m/n on input line 34.
LaTeX Font Info:    Overwriting math alphabet `\mathbf' in version `bold'
(Font)                  OT1/cmr/bx/n --> OT1/lmr/bx/n on input line 35.
LaTeX Font Info:    Overwriting math alphabet `\mathsf' in version `bold'
(Font)                  OT1/cmss/bx/n --> OT1/lmss/bx/n on input line 36.
LaTeX Font Info:    Overwriting math alphabet `\mathit' in version `bold'
(Font)                  OT1/cmr/bx/it --> OT1/lmr/bx/it on input line 37.
LaTeX Font Info:    Overwriting math alphabet `\mathtt' in version `bold'
(Font)                  OT1/cmtt/m/n --> OT1/lmtt/m/n on input line 38.
)
(/usr/local/texlive/2013/texmf-dist/tex/generic/babel/babel.sty
Package: babel 2014/03/24 3.9k The Babel package

(/usr/local/texlive/2013/texmf-dist/tex/generic/babel-spanish/spanish.ldf
Language: spanish.ldf 2014/01/29 v5.0m Spanish support from the babel system

(/usr/local/texlive/2013/texmf-dist/tex/generic/babel/babel.def
File: babel.def 2014/03/24 3.9k Babel common definitions
\babel@savecnt=\count119
\U@D=\dimen126
)
\es@datefmt=\count120
\es@quottoks=\toks24
\es@quotdepth=\count121
Package babel Info: Making " an active character on input line 496.
Package babel Info: Making . an active character on input line 599.
Package babel Info: Making < an active character on input line 644.
Package babel Info: Making > an active character on input line 644.
Package babel Info: Making ' an active character on input line 671.
))
(/usr/local/texlive/2013/texmf-dist/tex/latex/base/inputenc.sty
Package: inputenc 2008/03/30 v1.1d Input encoding file
\inpenc@prehook=\toks25
\inpenc@posthook=\toks26

(/usr/local/texlive/2013/texmf-dist/tex/latex/base/latin1.def
File: latin1.def 2008/03/30 v1.1d Input encoding file
))
(/usr/local/texlive/2013/texmf-dist/tex/latex/tools/layout.sty
Package: layout 2000/09/25 v1.2c Show layout parameters
\oneinch=\count122
\cnt@paperwidth=\count123
\cnt@paperheight=\count124
\cnt@hoffset=\count125
\cnt@voffset=\count126
\cnt@textheight=\count127
\cnt@textwidth=\count128
\cnt@topmargin=\count129
\cnt@oddsidemargin=\count130
\cnt@evensidemargin=\count131
\cnt@headheight=\count132
\cnt@headsep=\count133
\cnt@marginparsep=\count134
\cnt@marginparwidth=\count135
\cnt@marginparpush=\count136
\cnt@footskip=\count137
\fheight=\count138
\ref@top=\count139
\ref@hoffset=\count140
\ref@voffset=\count141
\ref@head=\count142
\ref@body=\count143
\ref@foot=\count144
\ref@margin=\count145
\ref@marginwidth=\count146
\ref@marginpar=\count147
\Interval=\count148
\ExtraYPos=\count149
\PositionX=\count150
\PositionY=\count151
\ArrowLength=\count152
)
(/usr/local/texlive/2013/texmf-dist/tex/latex/caption/caption.sty
Package: caption 2013/05/02 v3.3-89 Customizing captions (AR)

(/usr/local/texlive/2013/texmf-dist/tex/latex/caption/caption3.sty
Package: caption3 2013/05/02 v1.6-88 caption3 kernel (AR)
Package caption3 Info: TeX engine: e-TeX on input line 57.
\captionmargin=\dimen127
\captionmargin@=\dimen128
\captionwidth=\dimen129
\caption@tempdima=\dimen130
\caption@indent=\dimen131
\caption@parindent=\dimen132
\caption@hangindent=\dimen133
)
\c@ContinuedFloat=\count153
Package caption Info: float package is loaded.
Package caption Info: hyperref package is loaded.
)
(/usr/local/texlive/2013/texmf-dist/tex/latex/caption/subcaption.sty
Package: subcaption 2013/02/03 v1.1-62 Sub-captions (AR)
\c@subfigure=\count154
\c@subtable=\count155
)
(./thesis.aux (./content/front/cioCIO.aux)
LaTeX Info: Redefining \. on input line 28.
LaTeX Info: Redefining \% on input line 28.
 (./content/front/abstract.aux)
(./content/main/introduction.aux) (./content/main/capitulo2.aux)
(./content/main/capitulo3.aux) (./content/main/resultados.aux)
(./content/back/bibliography.aux))
\openout1 = `thesis.aux'.

LaTeX Font Info:    Checking defaults for OML/cmm/m/it on input line 49.
LaTeX Font Info:    ... okay on input line 49.
LaTeX Font Info:    Checking defaults for T1/cmr/m/n on input line 49.
LaTeX Font Info:    ... okay on input line 49.
LaTeX Font Info:    Checking defaults for OT1/cmr/m/n on input line 49.
LaTeX Font Info:    ... okay on input line 49.
LaTeX Font Info:    Checking defaults for OMS/cmsy/m/n on input line 49.
LaTeX Font Info:    ... okay on input line 49.
LaTeX Font Info:    Checking defaults for OMX/cmex/m/n on input line 49.
LaTeX Font Info:    ... okay on input line 49.
LaTeX Font Info:    Checking defaults for U/cmr/m/n on input line 49.
LaTeX Font Info:    ... okay on input line 49.
LaTeX Font Info:    Checking defaults for PD1/pdf/m/n on input line 49.
LaTeX Font Info:    ... okay on input line 49.
LaTeX Font Info:    Try loading font information for T1+lmr on input line 49.

(/usr/local/texlive/2013/texmf-dist/tex/latex/lm/t1lmr.fd
File: t1lmr.fd 2009/10/30 v1.6 Font defs for Latin Modern
)
(/usr/local/texlive/2013/texmf-dist/tex/context/base/supp-pdf.mkii
[Loading MPS to PDF converter (version 2006.09.02).]
\scratchcounter=\count156
\scratchdimen=\dimen134
\scratchbox=\box32
\nofMPsegments=\count157
\nofMParguments=\count158
\everyMPshowfont=\toks27
\MPscratchCnt=\count159
\MPscratchDim=\dimen135
\MPnumerator=\count160
\makeMPintoPDFobject=\count161
\everyMPtoPDFconversion=\toks28
) (/usr/local/texlive/2013/texmf-dist/tex/latex/oberdiek/epstopdf-base.sty
Package: epstopdf-base 2010/02/09 v2.5 Base part for package epstopdf

(/usr/local/texlive/2013/texmf-dist/tex/latex/oberdiek/grfext.sty
Package: grfext 2010/08/19 v1.1 Manage graphics extensions (HO)
)
Package grfext Info: Graphics extension search list:
(grfext)             [.png,.pdf,.jpg,.mps,.jpeg,.jbig2,.jb2,.PNG,.PDF,.JPG,.JPE
G,.JBIG2,.JB2,.eps]
(grfext)             \AppendGraphicsExtensions on input line 452.

(/usr/local/texlive/2013/texmf-dist/tex/latex/latexconfig/epstopdf-sys.cfg
File: epstopdf-sys.cfg 2010/07/13 v1.3 Configuration of (r)epstopdf for TeX Liv
e
))
\AtBeginShipoutBox=\box33
Package hyperref Info: Link coloring ON on input line 49.

(/usr/local/texlive/2013/texmf-dist/tex/latex/hyperref/nameref.sty
Package: nameref 2012/10/27 v2.43 Cross-referencing by name of section

(/usr/local/texlive/2013/texmf-dist/tex/generic/oberdiek/gettitlestring.sty
Package: gettitlestring 2010/12/03 v1.4 Cleanup title references (HO)
)
\c@section@level=\count162
)
LaTeX Info: Redefining \ref on input line 49.
LaTeX Info: Redefining \pageref on input line 49.
LaTeX Info: Redefining \nameref on input line 49.

(./thesis.out) (./thesis.out)
\@outlinefile=\write5
\openout5 = `thesis.out'.

Package minitoc(hints) Info: I0049
(minitoc(hints))             ==> You requested the hints option. 
(minitoc(hints))             Some hints are eventually given below.
Package minitoc(hints) Info: I0046
(minitoc(hints))             --- The tocbibind package is loaded. 
(minitoc(hints))             See the minitoc package documentation 
(minitoc(hints))             for specific precautions.


Package minitoc(hints) Warning: W0030
(minitoc(hints))                --- The \part command is altered 
(minitoc(hints))                after minitoc.


Package minitoc(hints) Warning: W0023
(minitoc(hints))                --- It may be the consequence 
(minitoc(hints))                of loading the ``hyperref'' package.


Package minitoc(hints) Warning: W0028
(minitoc(hints))                --- The \chapter command is altered 
(minitoc(hints))                after minitoc.


Package minitoc(hints) Warning: W0023
(minitoc(hints))                --- It may be the consequence 
(minitoc(hints))                of loading the ``hyperref'' package.

*geometry* driver: auto-detecting
*geometry* detected driver: pdftex
*geometry* verbose mode - [ preamble ] result:
* driver: pdftex
* paper: letterpaper
* layout: <same size as paper>
* layoutoffset:(h,v)=(0.0pt,0.0pt)
* modes: 
* h-part:(L,W,R)=(130.08621pt, 383.03123pt, 101.17755pt)
* v-part:(T,H,B)=(95.39737pt, 556.47656pt, 143.09605pt)
* \paperwidth=614.295pt
* \paperheight=794.96999pt
* \textwidth=383.03123pt
* \textheight=556.47656pt
* \oddsidemargin=57.81622pt
* \evensidemargin=57.81622pt
* \topmargin=-8.74641pt
* \headheight=12.0pt
* \headsep=19.8738pt
* \topskip=11.0pt
* \footskip=27.46295pt
* \marginparwidth=62.0pt
* \marginparsep=7.0pt
* \columnsep=10.0pt
* \skip\footins=10.0pt plus 4.0pt minus 2.0pt
* \hoffset=0.0pt
* \voffset=0.0pt
* \mag=1000
* \@twocolumnfalse
* \@twosidefalse
* \@mparswitchfalse
* \@reversemarginfalse
* (1in=72.27pt=25.4mm, 1cm=28.453pt)

LaTeX Info: Redefining \. on input line 49.
LaTeX Info: Redefining \% on input line 49.
Package caption Info: Begin \AtBeginDocument code.
Package caption Info: End \AtBeginDocument code.
Package minitoc Info: I0010
(minitoc)             The spanish2 language is selected.
(minitoc)              on input line 50.
(/usr/local/texlive/2013/texmf-dist/tex/latex/minitoc/spanish2.mld
File: spanish2.mld 2008/04/03
)
Package minitoc Info: I0024
(minitoc)             PREPARING MINITOCS FROM thesis.toc on input line 53.
Package minitoc Info: I0033
(minitoc)             Writing thesis.mtc1.
\openout3 = `thesis.mtc1'.

Package minitoc Info: I0033
(minitoc)             Writing thesis.mtc2.
\openout3 = `thesis.mtc2'.

Package minitoc Info: I0033
(minitoc)             Writing thesis.mtc3.
\openout3 = `thesis.mtc3'.

Package minitoc Info: I0033
(minitoc)             Writing thesis.mtc4.
\openout3 = `thesis.mtc4'.

Package minitoc Info: I0033
(minitoc)             Writing thesis.mtc5.
\openout3 = `thesis.mtc5'.

\openout2 = `content/front/cioCIO.aux'.


(./content/front/cioCIO.tex
<content/images/frontmatter/logo.png, id=141, 373.6359pt x 119.9682pt>
File: content/images/frontmatter/logo.png Graphic file (type png)

<use content/images/frontmatter/logo.png>
Package pdftex.def Info: content/images/frontmatter/logo.png used on input line
 10.
(pdftex.def)             Requested size: 153.1917pt x 49.18727pt.
LaTeX Font Info:    Try loading font information for OT1+lmr on input line 11.

(/usr/local/texlive/2013/texmf-dist/tex/latex/lm/ot1lmr.fd
File: ot1lmr.fd 2009/10/30 v1.6 Font defs for Latin Modern
)
LaTeX Font Info:    Try loading font information for OML+lmm on input line 11.

(/usr/local/texlive/2013/texmf-dist/tex/latex/lm/omllmm.fd
File: omllmm.fd 2009/10/30 v1.6 Font defs for Latin Modern
)
LaTeX Font Info:    Try loading font information for OMS+lmsy on input line 11.


(/usr/local/texlive/2013/texmf-dist/tex/latex/lm/omslmsy.fd
File: omslmsy.fd 2009/10/30 v1.6 Font defs for Latin Modern
)
LaTeX Font Info:    Try loading font information for OMX+lmex on input line 11.


(/usr/local/texlive/2013/texmf-dist/tex/latex/lm/omxlmex.fd
File: omxlmex.fd 2009/10/30 v1.6 Font defs for Latin Modern
)
LaTeX Font Info:    External font `lmex10' loaded for size
(Font)              <10.95> on input line 11.
LaTeX Font Info:    External font `lmex10' loaded for size
(Font)              <8> on input line 11.
LaTeX Font Info:    External font `lmex10' loaded for size
(Font)              <6> on input line 11.
LaTeX Font Info:    Try loading font information for U+msa on input line 11.

(/usr/local/texlive/2013/texmf-dist/tex/latex/amsfonts/umsa.fd
File: umsa.fd 2013/01/14 v3.01 AMS symbols A
)
LaTeX Font Info:    Try loading font information for U+msb on input line 11.

(/usr/local/texlive/2013/texmf-dist/tex/latex/amsfonts/umsb.fd
File: umsb.fd 2013/01/14 v3.01 AMS symbols B
)
<content/images/frontmatter/escudoUGTO.png, id=142, 97.59296pt x 113.71619pt>
File: content/images/frontmatter/escudoUGTO.png Graphic file (type png)

<use content/images/frontmatter/escudoUGTO.png>
Package pdftex.def Info: content/images/frontmatter/escudoUGTO.png used on inpu
t line 13.
(pdftex.def)             Requested size: 92.71275pt x 108.02975pt.
LaTeX Font Info:    Try loading font information for T1+lmtt on input line 32.

(/usr/local/texlive/2013/texmf-dist/tex/latex/lm/t1lmtt.fd
File: t1lmtt.fd 2009/10/30 v1.6 Font defs for Latin Modern
) [1




{/usr/local/texlive/2013/texmf-var/fonts/map/pdftex/updmap/pdftex.map} <./conte
nt/images/frontmatter/logo.png> <./content/images/frontmatter/escudoUGTO.png>])
\openout2 = `content/front/abstract.aux'.


(./content/front/abstract.tex)pdfTeX warning (ext4): destination with the same 
identifier (name{page.I}) has been already used, duplicate ignored
<to be read again> 
                   \relax 
l.63 \include{content/front/abstract}
                                      [1


] (./thesis.toc
LaTeX Info: Redefining \. on input line 2.
LaTeX Info: Redefining \% on input line 2.
 [2


])
\tf@toc=\write6
\openout6 = `thesis.toc'.

 [3] (./thesis.lof
LaTeX Info: Redefining \. on input line 2.
LaTeX Info: Redefining \% on input line 2.
LaTeX Font Info:    External font `lmex10' loaded for size
(Font)              <10> on input line 19.
LaTeX Font Info:    External font `lmex10' loaded for size
(Font)              <7> on input line 19.
LaTeX Font Info:    External font `lmex10' loaded for size
(Font)              <5> on input line 19.

[4

]
Overfull \hbox (7.58035pt too wide) in paragraph at lines 44--44
 [][] [][][]\T1/lmr/m/n/10.95 Espectros de ab-sor-ción no li-neal del co-po-lí-
me-ro en so-lu-ción, c=$\OT1/lmr/m/n/10.95 9\OML/lmm/m/it/10.95 :\OT1/lmr/m/n/1
0.95 25 \OMS/lmsy/m/n/10.95 ^^B 
 []

)
\tf@lof=\write7
\openout7 = `thesis.lof'.

 [5] [6] (./base/fancyheaders.tex

Package Fancyhdr Warning: \fancyhead's `E' option without twoside option is use
less on input line 6.


Package Fancyhdr Warning: \fancyhead's `E' option without twoside option is use
less on input line 7.

)
\openout2 = `content/main/introduction.aux'.

 (./content/main/introduction.tex
Cap\'{\i }tulo 1.
\openout3 = `thesis.mtc'.

\openout3 = `thesis.mtc'.

(./thesis.mtc1) [1





]
<content/images/c1_Introduction/intro.png, id=364, 1067.99pt x 492.84125pt>
File: content/images/c1_Introduction/intro.png Graphic file (type png)

<use content/images/c1_Introduction/intro.png>
Package pdftex.def Info: content/images/c1_Introduction/intro.png used on input
 line 16.
(pdftex.def)             Requested size: 383.03123pt x 176.7534pt.

Overfull \hbox (4.66295pt too wide) in paragraph at lines 33--33
[]\T1/lmr/bx/n/14.4 Antecedentes: Mar-ca-do-res en mi-cros-co-pía de fluo-
 []

LaTeX Info: Redefining \. on input line 36.
LaTeX Info: Redefining \% on input line 36.

Package Fancyhdr Warning: \headheight is too small (12.0pt): 
 Make it at least 13.59999pt.
 We now make it that large for the rest of the document.
 This may cause the page layout to be inconsistent, however.

[2 <./content/images/c1_Introduction/intro.png>]
<content/images/c1_Introduction/FluorescentCells.jpg, id=373, 513.92pt x 513.92
pt>
File: content/images/c1_Introduction/FluorescentCells.jpg Graphic file (type jp
g)
 <use content/images/c1_Introduction/FluorescentCells.jpg>
Package pdftex.def Info: content/images/c1_Introduction/FluorescentCells.jpg us
ed on input line 44.
(pdftex.def)             Requested size: 231.26186pt x 180.67455pt.

Overfull \hbox (2.67094pt too wide) in paragraph at lines 57--57
[]\T1/lmr/bx/n/14.4 Diferentes ti-pos de mar-ca-do-res fluo-res-cen-tes ?`Por
 []

LaTeX Info: Redefining \. on input line 62.
LaTeX Info: Redefining \% on input line 62.
[3] <content/images/c1_Introduction/qdots.png, id=385, 658.46pt x 379.4175pt>
File: content/images/c1_Introduction/qdots.png Graphic file (type png)

<use content/images/c1_Introduction/qdots.png>
Package pdftex.def Info: content/images/c1_Introduction/qdots.png used on input
 line 69.
(pdftex.def)             Requested size: 231.2582pt x 126.47025pt.
LaTeX Info: Redefining \. on input line 72.
LaTeX Info: Redefining \% on input line 72.


Package Fancyhdr Warning: \headheight is too small (13.59999pt): 
 Make it at least 25.2232pt.
 We now make it that large for the rest of the document.
 This may cause the page layout to be inconsistent, however.

[4 <./content/images/c1_Introduction/FluorescentCells.jpg>]
LaTeX Info: Redefining \. on input line 83.
LaTeX Info: Redefining \% on input line 83.
 [5 <./content/images/c1_Introduction/qdots.png>]
Overfull \hbox (11.02055pt too wide) in paragraph at lines 89--89
[]\T1/lmr/bx/n/14.4 Nanopartículas or-gá-ni-cas fun-cio-na-li-za-das con PEG
 []

LaTeX Info: Redefining \. on input line 98.
LaTeX Info: Redefining \% on input line 98.
[6])
LaTeX Info: Redefining \. on input line 75.
LaTeX Info: Redefining \% on input line 75.
 [7]
\openout2 = `content/main/capitulo2.aux'.

 (./content/main/capitulo2.tex
Cap\'{\i }tulo 2.
\openout3 = `thesis.mtc'.

\openout3 = `thesis.mtc'.

(./thesis.mtc2) [8



]
<content/images/capitulo2/airydisk.png, id=429, 499.8675pt x 249.93375pt>
File: content/images/capitulo2/airydisk.png Graphic file (type png)

<use content/images/capitulo2/airydisk.png>
Package pdftex.def Info: content/images/capitulo2/airydisk.png used on input li
ne 19.
(pdftex.def)             Requested size: 268.12068pt x 134.066pt.
LaTeX Info: Redefining \. on input line 30.
LaTeX Info: Redefining \% on input line 30.
 [9 <./content/images/capitulo2/airydisk.png>]
LaTeX Info: Redefining \. on input line 55.
LaTeX Info: Redefining \% on input line 55.
 [10]
<content/images/capitulo2/micrfluor.png, id=446, 390.45876pt x 322.20375pt>
File: content/images/capitulo2/micrfluor.png Graphic file (type png)

<use content/images/capitulo2/micrfluor.png>
Package pdftex.def Info: content/images/capitulo2/micrfluor.png used on input l
ine 68.
(pdftex.def)             Requested size: 231.26234pt x 180.6836pt.
LaTeX Info: Redefining \. on input line 73.
LaTeX Info: Redefining \% on input line 73.
 [11 <./content/images/capitulo2/micrfluor.png>]
<content/images/capitulo2/confocal2.png, id=453, 514.92375pt x 281.05pt>
File: content/images/capitulo2/confocal2.png Graphic file (type png)

<use content/images/capitulo2/confocal2.png>
Package pdftex.def Info: content/images/capitulo2/confocal2.png used on input l
ine 82.
(pdftex.def)             Requested size: 363.8785pt x 198.612pt.
LaTeX Info: Redefining \. on input line 90.
LaTeX Info: Redefining \% on input line 90.
 [12 <./content/images/capitulo2/confocal2.png>]
<content/images/capitulo2/compara.png, id=464, 619.31375pt x 365.365pt>
File: content/images/capitulo2/compara.png Graphic file (type png)

<use content/images/capitulo2/compara.png>
Package pdftex.def Info: content/images/capitulo2/compara.png used on input lin
e 96.
(pdftex.def)             Requested size: 268.12068pt x 158.18544pt.
LaTeX Info: Redefining \. on input line 106.
LaTeX Info: Redefining \% on input line 106.
 [13 <./content/images/capitulo2/compara.png>] <content/images/capitulo2/tpa1.p
ng, id=471, 409.53pt x 175.65625pt>
File: content/images/capitulo2/tpa1.png Graphic file (type png)

<use content/images/capitulo2/tpa1.png>
Package pdftex.def Info: content/images/capitulo2/tpa1.png used on input line 1
09.
(pdftex.def)             Requested size: 303.5536pt x 159.00581pt.

<content/images/capitulo2/penetras.png, id=475, 465.74pt x 226.8475pt>
File: content/images/capitulo2/penetras.png Graphic file (type png)

<use content/images/capitulo2/penetras.png>
Package pdftex.def Info: content/images/capitulo2/penetras.png used on input li
ne 124.
(pdftex.def)             Requested size: 325.22694pt x 158.99292pt.
LaTeX Info: Redefining \. on input line 131.
LaTeX Info: Redefining \% on input line 131.
 [14 <./content/images/capitulo2/tpa1.png>]
LaTeX Info: Redefining \. on input line 140.
LaTeX Info: Redefining \% on input line 140.
 [15 <./content/images/capitulo2/penetras.png>]
LaTeX Info: Redefining \. on input line 157.
LaTeX Info: Redefining \% on input line 157.
 [16]
LaTeX Info: Redefining \. on input line 181.
LaTeX Info: Redefining \% on input line 181.
 [17]
LaTeX Font Info:    External font `lmex10' loaded for size
(Font)              <9> on input line 182.
LaTeX Info: Redefining \. on input line 205.
LaTeX Info: Redefining \% on input line 205.
 [18]
<content/images/capitulo2/tercerorden.png, id=525, 309.155pt x 126.4725pt>
File: content/images/capitulo2/tercerorden.png Graphic file (type png)

<use content/images/capitulo2/tercerorden.png>
Package pdftex.def Info: content/images/capitulo2/tercerorden.png used on input
 line 221.
(pdftex.def)             Requested size: 229.82108pt x 94.02045pt.
LaTeX Info: Redefining \. on input line 226.
LaTeX Info: Redefining \% on input line 226.
 [19 <./content/images/capitulo2/tercerorden.png>]
LaTeX Info: Redefining \. on input line 251.
LaTeX Info: Redefining \% on input line 251.
 [20]
LaTeX Info: Redefining \. on input line 277.
LaTeX Info: Redefining \% on input line 277.
 [21]
<content/images/capitulo2/gra2.png, id=565, 257.96375pt x 196.735pt>
File: content/images/capitulo2/gra2.png Graphic file (type png)

<use content/images/capitulo2/gra2.png>
Package pdftex.def Info: content/images/capitulo2/gra2.png used on input line 2
96.
(pdftex.def)             Requested size: 130.2292pt x 99.32185pt.
LaTeX Info: Redefining \. on input line 308.
LaTeX Info: Redefining \% on input line 308.
 [22]

LaTeX Warning: Command \' invalid in math mode on input line 319.


LaTeX Warning: Command \' invalid in math mode on input line 319.


LaTeX Warning: Command \' invalid in math mode on input line 319.

LaTeX Info: Redefining \. on input line 331.
LaTeX Info: Redefining \% on input line 331.
[23 <./content/images/capitulo2/gra2.png>]
LaTeX Font Info:    External font `lmex10' loaded for size
(Font)              <12> on input line 333.


Package hyperref Warning: Token not allowed in a PDF string (PDFDocEncoding):
(hyperref)                removing `math shift' on input line 333.


Package hyperref Warning: Token not allowed in a PDF string (PDFDocEncoding):
(hyperref)                removing `\sigma' on input line 333.


Package hyperref Warning: Token not allowed in a PDF string (PDFDocEncoding):
(hyperref)                removing `superscript' on input line 333.


Package hyperref Warning: Token not allowed in a PDF string (PDFDocEncoding):
(hyperref)                removing `math shift' on input line 333.

LaTeX Info: Redefining \. on input line 356.
LaTeX Info: Redefining \% on input line 356.
[24]
LaTeX Info: Redefining \. on input line 374.
LaTeX Info: Redefining \% on input line 374.
 [25]
LaTeX Info: Redefining \. on input line 401.
LaTeX Info: Redefining \% on input line 401.
 [26]
<content/images/capitulo2/fret.png, id=625, 338.26375pt x 377.41pt>
File: content/images/capitulo2/fret.png Graphic file (type png)

<use content/images/capitulo2/fret.png>
Package pdftex.def Info: content/images/capitulo2/fret.png used on input line 4
04.
(pdftex.def)             Requested size: 191.51561pt x 213.68623pt.
LaTeX Info: Redefining \. on input line 413.
LaTeX Info: Redefining \% on input line 413.
 [27 <./content/images/capitulo2/fret.png>] <content/images/capitulo2/overlap.p
ng, id=631, 429.605pt x 413.545pt>
File: content/images/capitulo2/overlap.png Graphic file (type png)

<use content/images/capitulo2/overlap.png>
Package pdftex.def Info: content/images/capitulo2/overlap.png used on input lin
e 418.
(pdftex.def)             Requested size: 229.82108pt x 221.2286pt.
LaTeX Info: Redefining \. on input line 424.
LaTeX Info: Redefining \% on input line 424.
 [28 <./content/images/capitulo2/overlap.png>])
LaTeX Info: Redefining \. on input line 76.
LaTeX Info: Redefining \% on input line 76.
 [29]
\openout2 = `content/main/capitulo3.aux'.

 (./content/main/capitulo3.tex
Cap\'{\i }tulo 3.
\openout3 = `thesis.mtc'.

\openout3 = `thesis.mtc'.

(./thesis.mtc3) [30



]
Overfull \hbox (0.64261pt too wide) in paragraph at lines 26--27
\T1/lmr/m/n/10.95 P3TMAHT, com-pues-to por los ho-mo-po-lí-me-ros poli(9,9-dial
quilfluoreno)-b-poli[3-
 []

<content/images/capitulo3/HIDALGO.png, id=660, 522.95375pt x 399.4925pt>
File: content/images/capitulo3/HIDALGO.png Graphic file (type png)

<use content/images/capitulo3/HIDALGO.png>
Package pdftex.def Info: content/images/capitulo3/HIDALGO.png used on input lin
e 30.
(pdftex.def)             Requested size: 325.57887pt x 248.71906pt.
LaTeX Info: Redefining \. on input line 33.
LaTeX Info: Redefining \% on input line 33.
 [31]
<content/images/capitulo3/copolimero.png, id=665, 499.8675pt x 260.975pt>
File: content/images/capitulo3/copolimero.png Graphic file (type png)

<use content/images/capitulo3/copolimero.png>
Package pdftex.def Info: content/images/capitulo3/copolimero.png used on input 
line 37.
(pdftex.def)             Requested size: 210.66833pt x 109.98705pt.

<content/images/capitulo3/arturo.png, id=667, 482.80376pt x 370.38374pt>
File: content/images/capitulo3/arturo.png Graphic file (type png)

<use content/images/capitulo3/arturo.png>
Package pdftex.def Info: content/images/capitulo3/arturo.png used on input line
 46.
(pdftex.def)             Requested size: 383.03123pt x 293.8546pt.


LaTeX Warning: `h' float specifier changed to `ht'.

LaTeX Info: Redefining \. on input line 51.
LaTeX Info: Redefining \% on input line 51.
[32 <./content/images/capitulo3/HIDALGO.png> <./content/images/capitulo3/copoli
mero.png>]
<content/images/capitulo3/PMC300.png, id=674, 375.4025pt x 185.69376pt>
File: content/images/capitulo3/PMC300.png Graphic file (type png)

<use content/images/capitulo3/PMC300.png>
Package pdftex.def Info: content/images/capitulo3/PMC300.png used on input line
 55.
(pdftex.def)             Requested size: 268.12068pt x 132.63402pt.
LaTeX Info: Redefining \. on input line 60.
LaTeX Info: Redefining \% on input line 60.
 [33 <./content/images/capitulo3/arturo.png> <./content/images/capitulo3/PMC300
.png>]
<content/images/capitulo3/rodamina6g.png, id=681, 501.875pt x 320.19624pt>
File: content/images/capitulo3/rodamina6g.png Graphic file (type png)

<use content/images/capitulo3/rodamina6g.png>
Package pdftex.def Info: content/images/capitulo3/rodamina6g.png used on input 
line 63.
(pdftex.def)             Requested size: 210.66833pt x 134.4082pt.

<content/images/capitulo3/peg.png, id=683, 530.98375pt x 224.84pt>
File: content/images/capitulo3/peg.png Graphic file (type png)

<use content/images/capitulo3/peg.png>
Package pdftex.def Info: content/images/capitulo3/peg.png used on input line 76
.
(pdftex.def)             Requested size: 325.57887pt x 137.8658pt.
LaTeX Info: Redefining \. on input line 91.
LaTeX Info: Redefining \% on input line 91.
 [34 <./content/images/capitulo3/rodamina6g.png> <./content/images/capitulo3/pe
g.png>]
<content/images/capitulo3/reprecipitacion.png, id=691, 537.00626pt x 225.84375p
t>
File: content/images/capitulo3/reprecipitacion.png Graphic file (type png)
 <use content/images/capitulo3/reprecipitacion.png>
Package pdftex.def Info: content/images/capitulo3/reprecipitacion.png used on i
nput line 103.
(pdftex.def)             Requested size: 383.03123pt x 161.08763pt.
LaTeX Info: Redefining \. on input line 108.
LaTeX Info: Redefining \% on input line 108.
 [35 <./content/images/capitulo3/reprecipitacion.png>]
LaTeX Info: Redefining \. on input line 133.
LaTeX Info: Redefining \% on input line 133.
 [36]
<content/images/capitulo3/emision_lineal.png, id=706, 451.6875pt x 273.02pt>
File: content/images/capitulo3/emision_lineal.png Graphic file (type png)

<use content/images/capitulo3/emision_lineal.png>
Package pdftex.def Info: content/images/capitulo3/emision_lineal.png used on in
put line 136.
(pdftex.def)             Requested size: 344.72577pt x 208.38054pt.
LaTeX Info: Redefining \. on input line 147.
LaTeX Info: Redefining \% on input line 147.
 [37 <./content/images/capitulo3/emision_lineal.png>]
<content/images/capitulo3/arreglo_qy.png, id=712, 533.995pt x 328.22626pt>
File: content/images/capitulo3/arreglo_qy.png Graphic file (type png)

<use content/images/capitulo3/arreglo_qy.png>
Package pdftex.def Info: content/images/capitulo3/arreglo_qy.png used on input 
line 150.
(pdftex.def)             Requested size: 383.03123pt x 235.44125pt.
LaTeX Info: Redefining \. on input line 159.
LaTeX Info: Redefining \% on input line 159.
 [38 <./content/images/capitulo3/arreglo_qy.png>]
LaTeX Font Info:    External font `lmex10' loaded for size
(Font)              <14.4> on input line 166.


Package hyperref Warning: Token not allowed in a PDF string (PDFDocEncoding):
(hyperref)                removing `math shift' on input line 166.


Package hyperref Warning: Token not allowed in a PDF string (PDFDocEncoding):
(hyperref)                removing `\sigma' on input line 166.


Package hyperref Warning: Token not allowed in a PDF string (PDFDocEncoding):
(hyperref)                removing `superscript' on input line 166.


Package hyperref Warning: Token not allowed in a PDF string (PDFDocEncoding):
(hyperref)                removing `math shift' on input line 166.

LaTeX Info: Redefining \. on input line 171.
LaTeX Info: Redefining \% on input line 171.
[39] <content/images/capitulo3/tpa.png, id=727, 720.6925pt x 289.08pt>
File: content/images/capitulo3/tpa.png Graphic file (type png)

<use content/images/capitulo3/tpa.png>
Package pdftex.def Info: content/images/capitulo3/tpa.png used on input line 17
6.
(pdftex.def)             Requested size: 383.03123pt x 153.63953pt.
LaTeX Info: Redefining \. on input line 183.
LaTeX Info: Redefining \% on input line 183.
 [40 <./content/images/capitulo3/tpa.png>]

Package hyperref Warning: Token not allowed in a PDF string (PDFDocEncoding):
(hyperref)                removing `math shift' on input line 184.


Package hyperref Warning: Token not allowed in a PDF string (PDFDocEncoding):
(hyperref)                removing `\sigma' on input line 184.


Package hyperref Warning: Token not allowed in a PDF string (PDFDocEncoding):
(hyperref)                removing `superscript' on input line 184.


Package hyperref Warning: Token not allowed in a PDF string (PDFDocEncoding):
(hyperref)                removing `math shift' on input line 184.

<content/images/capitulo3/tpa_femto.png, id=732, 681.54625pt x 459.7175pt>
File: content/images/capitulo3/tpa_femto.png Graphic file (type png)

<use content/images/capitulo3/tpa_femto.png>
Package pdftex.def Info: content/images/capitulo3/tpa_femto.png used on input l
ine 190.
(pdftex.def)             Requested size: 383.03123pt x 258.36598pt.
LaTeX Info: Redefining \. on input line 195.
LaTeX Info: Redefining \% on input line 195.
 [41 <./content/images/capitulo3/tpa_femto.png>])
LaTeX Info: Redefining \. on input line 77.
LaTeX Info: Redefining \% on input line 77.
 [42]
LaTeX Info: Redefining \. on input line 77.
LaTeX Info: Redefining \% on input line 77.
 [43]
\openout2 = `content/main/resultados.aux'.

 (./content/main/resultados.tex
Cap\'{\i }tulo 4.
\openout3 = `thesis.mtc'.

\openout3 = `thesis.mtc'.

(./thesis.mtc4)

Package hyperref Warning: Token not allowed in a PDF string (PDFDocEncoding):
(hyperref)                removing `math shift' on input line 4.


Package hyperref Warning: Token not allowed in a PDF string (PDFDocEncoding):
(hyperref)                removing `\pi' on input line 4.


Package hyperref Warning: Token not allowed in a PDF string (PDFDocEncoding):
(hyperref)                removing `math shift' on input line 4.


<content/images/resultados/sechgo/abstodas.png, id=755, 516.93124pt x 402.50375
pt>
File: content/images/resultados/sechgo/abstodas.png Graphic file (type png)
 <use content/images/resultados/sechgo/abstodas.png>
Package pdftex.def Info: content/images/resultados/sechgo/abstodas.png used on 
input line 12.
(pdftex.def)             Requested size: 344.72577pt x 268.42934pt.


LaTeX Warning: `h' float specifier changed to `ht'.

[44



]
<content/images/resultados/sechgo/emlinsol.png, id=766, 530.98375pt x 415.5525p
t>
File: content/images/resultados/sechgo/emlinsol.png Graphic file (type png)
 <use content/images/resultados/sechgo/emlinsol.png>
Package pdftex.def Info: content/images/resultados/sechgo/emlinsol.png used on 
input line 27.
(pdftex.def)             Requested size: 248.96796pt x 194.84682pt.

<content/images/resultados/sechgo/m3.png, id=767, 539.01375pt x 414.54875pt>
File: content/images/resultados/sechgo/m3.png Graphic file (type png)

<use content/images/resultados/sechgo/m3.png>
Package pdftex.def Info: content/images/resultados/sechgo/m3.png used on input 
line 31.
(pdftex.def)             Requested size: 248.96796pt x 191.4791pt.

<content/images/resultados/sechgo/m7.png, id=768, 534.99875pt x 408.52625pt>
File: content/images/resultados/sechgo/m7.png Graphic file (type png)

<use content/images/resultados/sechgo/m7.png>
Package pdftex.def Info: content/images/resultados/sechgo/m7.png used on input 
line 35.
(pdftex.def)             Requested size: 248.96796pt x 190.11235pt.
LaTeX Info: Redefining \. on input line 40.
LaTeX Info: Redefining \% on input line 40.
 [45 <./content/images/resultados/sechgo/abstodas.png>]
Overfull \vbox (59.1617pt too high) has occurred while \output is active []

LaTeX Info: Redefining \. on input line 40.
LaTeX Info: Redefining \% on input line 40.

[46 <./content/images/resultados/sechgo/emlinsol.png> <./content/images/resulta
dos/sechgo/m3.png> <./content/images/resultados/sechgo/m7.png>]
<content/images/resultados/sechgo/suspturbias.png, id=778, 455.7025pt x 283.057
5pt>
File: content/images/resultados/sechgo/suspturbias.png Graphic file (type png)
 <use content/images/resultados/sechgo/suspturbias.png>
Package pdftex.def Info: content/images/resultados/sechgo/suspturbias.png used 
on input line 43.
(pdftex.def)             Requested size: 172.36288pt x 107.06194pt.
LaTeX Info: Redefining \. on input line 71.
LaTeX Info: Redefining \% on input line 71.
 [47 <./content/images/resultados/sechgo/suspturbias.png>]
<content/images/resultados/sechgo/eminolinhgo.png, id=790, 570.13pt x 440.64626
pt>
File: content/images/resultados/sechgo/eminolinhgo.png Graphic file (type png)
 <use content/images/resultados/sechgo/eminolinhgo.png>
Package pdftex.def Info: content/images/resultados/sechgo/eminolinhgo.png used 
on input line 75.
(pdftex.def)             Requested size: 325.57887pt x 251.6349pt.

<content/images/resultados/sechgo/TPAhgo.png, id=792, 547.04375pt x 436.63126pt
>
File: content/images/resultados/sechgo/TPAhgo.png Graphic file (type png)
 <use content/images/resultados/sechgo/TPAhgo.png>
Package pdftex.def Info: content/images/resultados/sechgo/TPAhgo.png used on in
put line 85.
(pdftex.def)             Requested size: 325.57887pt x 259.86877pt.
LaTeX Info: Redefining \. on input line 87.
LaTeX Info: Redefining \% on input line 87.
 [48 <./content/images/resultados/sechgo/eminolinhgo.png>]
LaTeX Info: Redefining \. on input line 106.
LaTeX Info: Redefining \% on input line 106.
 [49 <./content/images/resultados/sechgo/TPAhgo.png>]
<content/images/resultados/copolimero/absmol.png, id=806, 555.07375pt x 433.62p
t>
File: content/images/resultados/copolimero/absmol.png Graphic file (type png)
 <use content/images/resultados/copolimero/absmol.png>
Package pdftex.def Info: content/images/resultados/copolimero/absmol.png used o
n input line 109.
(pdftex.def)             Requested size: 325.57887pt x 254.33826pt.

<content/images/resultados/copolimero/abs_norm.png, id=808, 576.1525pt x 441.65
pt>
File: content/images/resultados/copolimero/abs_norm.png Graphic file (type png)

 <use content/images/resultados/copolimero/abs_norm.png>
Package pdftex.def Info: content/images/resultados/copolimero/abs_norm.png used
 on input line 117.
(pdftex.def)             Requested size: 248.96796pt x 190.84926pt.


LaTeX Warning: `h' float specifier changed to `ht'.


<content/images/resultados/copolimero/pl_lineal.png, id=811, 592.2125pt x 450.6
8375pt>
File: content/images/resultados/copolimero/pl_lineal.png Graphic file (type png
)
 <use content/images/resultados/copolimero/pl_lineal.png>
Package pdftex.def Info: content/images/resultados/copolimero/pl_lineal.png use
d on input line 127.
(pdftex.def)             Requested size: 187.68741pt x 142.83261pt.

<content/images/resultados/copolimero/pl_lineal_norm.png, id=812, 547.04375pt x
 450.68375pt>
File: content/images/resultados/copolimero/pl_lineal_norm.png Graphic file (typ
e png)
 <use content/images/resultados/copolimero/pl_lineal_norm.png>
Package pdftex.def Info: content/images/resultados/copolimero/pl_lineal_norm.pn
g used on input line 131.
(pdftex.def)             Requested size: 180.02515pt x 148.31348pt.
LaTeX Info: Redefining \. on input line 135.
LaTeX Info: Redefining \% on input line 135.

[50 <./content/images/resultados/copolimero/absmol.png>]
LaTeX Info: Redefining \. on input line 137.
LaTeX Info: Redefining \% on input line 137.
 [51 <./content/images/resultados/copolimero/abs_norm.png> <./content/images/re
sultados/copolimero/pl_lineal.png> <./content/images/resultados/copolimero/pl_l
ineal_norm.png>]
<content/images/resultados/copolimero/eminolineal.png, id=825, 564.1075pt x 457
.71pt>
File: content/images/resultados/copolimero/eminolineal.png Graphic file (type p
ng)
 <use content/images/resultados/copolimero/eminolineal.png>
Package pdftex.def Info: content/images/resultados/copolimero/eminolineal.png u
sed on input line 142.
(pdftex.def)             Requested size: 264.29248pt x 214.44627pt.

<content/images/resultados/copolimero/tpacopo.png, id=826, 527.9725pt x 433.62p
t>
File: content/images/resultados/copolimero/tpacopo.png Graphic file (type png)
 <use content/images/resultados/copolimero/tpacopo.png>
Package pdftex.def Info: content/images/resultados/copolimero/tpacopo.png used 
on input line 150.
(pdftex.def)             Requested size: 260.45842pt x 213.91144pt.
LaTeX Info: Redefining \. on input line 155.
LaTeX Info: Redefining \% on input line 155.
 [52 <./content/images/resultados/copolimero/eminolineal.png> <./content/images
/resultados/copolimero/tpacopo.png>]
<content/images/resultados/sec1/comp.png, id=834, 532.99126pt x 412.54124pt>
File: content/images/resultados/sec1/comp.png Graphic file (type png)

<use content/images/resultados/sec1/comp.png>
Package pdftex.def Info: content/images/resultados/sec1/comp.png used on input 
line 170.
(pdftex.def)             Requested size: 325.57887pt x 252.00859pt.


LaTeX Warning: `h' float specifier changed to `ht'.

<content/images/resultados/sec1/1n.png, id=837, 540.0175pt x 412.54124pt>
File: content/images/resultados/sec1/1n.png Graphic file (type png)

<use content/images/resultados/sec1/1n.png>
Package pdftex.def Info: content/images/resultados/sec1/1n.png used on input li
ne 182.
(pdftex.def)             Requested size: 248.96796pt x 190.19302pt.

<content/images/resultados/sec1/2n.png, id=838, 543.02875pt x 410.53375pt>
File: content/images/resultados/sec1/2n.png Graphic file (type png)

<use content/images/resultados/sec1/2n.png>
Package pdftex.def Info: content/images/resultados/sec1/2n.png used on input li
ne 186.
(pdftex.def)             Requested size: 248.96796pt x 188.22139pt.

<content/images/resultados/sec1/3n.png, id=839, 543.02875pt x 398.48875pt>
File: content/images/resultados/sec1/3n.png Graphic file (type png)

<use content/images/resultados/sec1/3n.png>
Package pdftex.def Info: content/images/resultados/sec1/3n.png used on input li
ne 190.
(pdftex.def)             Requested size: 248.96796pt x 182.699pt.


LaTeX Warning: Float too large for page by 43.83685pt on input line 194.


<content/images/resultados/sec1/emilinealnorm3N.png, id=840, 586.19pt x 445.665
pt>
File: content/images/resultados/sec1/emilinealnorm3N.png Graphic file (type png
)
 <use content/images/resultados/sec1/emilinealnorm3N.png>
Package pdftex.def Info: content/images/resultados/sec1/emilinealnorm3N.png use
d on input line 200.
(pdftex.def)             Requested size: 325.57887pt x 247.5238pt.


LaTeX Warning: `h' float specifier changed to `ht'.


Overfull \hbox (1.52281pt too wide) in paragraph at lines 215--216
 [][] 
 []

LaTeX Info: Redefining \. on input line 218.
LaTeX Info: Redefining \% on input line 218.
[53]
<content/images/resultados/sec1/nojalo.png, id=851, 559.08875pt x 447.6725pt>
File: content/images/resultados/sec1/nojalo.png Graphic file (type png)

<use content/images/resultados/sec1/nojalo.png>
Package pdftex.def Info: content/images/resultados/sec1/nojalo.png used on inpu
t line 226.
(pdftex.def)             Requested size: 229.82108pt x 184.01823pt.

<content/images/resultados/sec1/sijalo.png, id=852, 573.14125pt x 452.69125pt>
File: content/images/resultados/sec1/sijalo.png Graphic file (type png)

<use content/images/resultados/sec1/sijalo.png>
Package pdftex.def Info: content/images/resultados/sec1/sijalo.png used on inpu
t line 231.
(pdftex.def)             Requested size: 268.12068pt x 211.77713pt.

<content/images/resultados/sec1/TPA_1.png, id=853, 559.08875pt x 449.68pt>
File: content/images/resultados/sec1/TPA_1.png Graphic file (type png)

<use content/images/resultados/sec1/TPA_1.png>
Package pdftex.def Info: content/images/resultados/sec1/TPA_1.png used on input
 line 240.
(pdftex.def)             Requested size: 268.12068pt x 215.65868pt.


LaTeX Warning: `h' float specifier changed to `ht'.

LaTeX Info: Redefining \. on input line 245.
LaTeX Info: Redefining \% on input line 245.
[54 <./content/images/resultados/sec1/comp.png>]
LaTeX Info: Redefining \. on input line 245.
LaTeX Info: Redefining \% on input line 245.
 [55 <./content/images/resultados/sec1/1n.png> <./content/images/resultados/sec
1/2n.png> <./content/images/resultados/sec1/3n.png>]
<content/images/resultados/sec1/abs_peg5000.png, id=866, 555.07375pt x 436.6312
6pt>
File: content/images/resultados/sec1/abs_peg5000.png Graphic file (type png)
 <use content/images/resultados/sec1/abs_peg5000.png>
Package pdftex.def Info: content/images/resultados/sec1/abs_peg5000.png used on
 input line 250.
(pdftex.def)             Requested size: 191.51561pt x 150.65126pt.

<content/images/resultados/sec1/emi_peg5000.png, id=867, 568.1225pt x 439.6425p
t>
File: content/images/resultados/sec1/emi_peg5000.png Graphic file (type png)
 <use content/images/resultados/sec1/emi_peg5000.png>
Package pdftex.def Info: content/images/resultados/sec1/emi_peg5000.png used on
 input line 255.
(pdftex.def)             Requested size: 187.68741pt x 145.24347pt.

<content/images/resultados/sec1/TPA_PEG1.png, id=869, 506.89375pt x 415.5525pt>
File: content/images/resultados/sec1/TPA_PEG1.png Graphic file (type png)
<use content/images/resultados/sec1/TPA_PEG1.png>
Package pdftex.def Info: content/images/resultados/sec1/TPA_PEG1.png used on in
put line 266.
(pdftex.def)             Requested size: 268.12068pt x 219.8106pt.
LaTeX Info: Redefining \. on input line 269.
LaTeX Info: Redefining \% on input line 269.
 [56 <./content/images/resultados/sec1/emilinealnorm3N.png>]
LaTeX Info: Redefining \. on input line 269.
LaTeX Info: Redefining \% on input line 269.
 [57 <./content/images/resultados/sec1/nojalo.png> <./content/images/resultados
/sec1/sijalo.png>]
LaTeX Info: Redefining \. on input line 271.
LaTeX Info: Redefining \% on input line 271.
 [58 <./content/images/resultados/sec1/TPA_1.png> <./content/images/resultados/
sec1/TPA_PEG1.png>]
<content/images/resultados/sec1/TPA_femto.png, id=886, 556.0775pt x 450.68375pt
>
File: content/images/resultados/sec1/TPA_femto.png Graphic file (type png)
 <use content/images/resultados/sec1/TPA_femto.png>
Package pdftex.def Info: content/images/resultados/sec1/TPA_femto.png used on i
nput line 277.
(pdftex.def)             Requested size: 268.12068pt x 217.30225pt.
LaTeX Info: Redefining \. on input line 280.
LaTeX Info: Redefining \% on input line 280.
 [59 <./content/images/resultados/sec1/abs_peg5000.png> <./content/images/resul
tados/sec1/emi_peg5000.png>] <content/images/resultados/sec1/tem.png, id=891, 6
98.61pt x 331.2375pt>
File: content/images/resultados/sec1/tem.png Graphic file (type png)

<use content/images/resultados/sec1/tem.png>
Package pdftex.def Info: content/images/resultados/sec1/tem.png used on input l
ine 283.
(pdftex.def)             Requested size: 383.03123pt x 181.61005pt.
LaTeX Info: Redefining \. on input line 288.
LaTeX Info: Redefining \% on input line 288.
 [60 <./content/images/resultados/sec1/TPA_femto.png> <./content/images/resulta
dos/sec1/tem.png>]
<content/images/resultados/pmc300/abs1.png, id=902, 500.87125pt x 417.56pt>
File: content/images/resultados/pmc300/abs1.png Graphic file (type png)

<use content/images/resultados/pmc300/abs1.png>
Package pdftex.def Info: content/images/resultados/pmc300/abs1.png used on inpu
t line 301.
(pdftex.def)             Requested size: 325.57887pt x 271.43625pt.
LaTeX Info: Redefining \. on input line 304.
LaTeX Info: Redefining \% on input line 304.
 [61])
LaTeX Info: Redefining \. on input line 78.
LaTeX Info: Redefining \% on input line 78.
 [62 <./content/images/resultados/pmc300/abs1.png>]
\openout2 = `content/back/bibliography.aux'.

 (./content/back/bibliography.tex (./thesis.bbl
[63




]
LaTeX Info: Redefining \. on input line 136.
LaTeX Info: Redefining \% on input line 136.
 [64]))
LaTeX Info: Redefining \. on input line 86.
LaTeX Info: Redefining \% on input line 86.
 [65]
Package minitoc Info: I0009
(minitoc)             Listing minitoc auxiliary files. 
(minitoc)             Creating the thesis.maf file.
\openout3 = `thesis.maf'.



Package minitoc(hints) Warning: W0033
(minitoc(hints))                The caption package should be 
(minitoc(hints))                loaded BEFORE the minitoc package.

Package minitoc(hints) Info: I0053
(minitoc(hints))             You have loaded the float package; 
(minitoc(hints))             please be aware that the minitoc package 
(minitoc(hints))             facilities can not be used for new types 
(minitoc(hints))             of floats defined by the float package.

Package minitoc(hints) Warning: W0024
(minitoc(hints))                Some hints have been written 
(minitoc(hints))                in the thesis.log file.

Package atveryend Info: Empty hook `BeforeClearDocument' on input line 88.
LaTeX Info: Redefining \. on input line 88.
LaTeX Info: Redefining \% on input line 88.
[66

]
Package atveryend Info: Empty hook `AfterLastShipout' on input line 88.
 (./thesis.aux (./content/front/cioCIO.aux)
LaTeX Info: Redefining \. on input line 28.
LaTeX Info: Redefining \% on input line 28.
 (./content/front/abstract.aux)
(./content/main/introduction.aux) (./content/main/capitulo2.aux)
(./content/main/capitulo3.aux) (./content/main/resultados.aux)
(./content/back/bibliography.aux))
Package atveryend Info: Executing hook `AtVeryEndDocument' on input line 88.
Package atveryend Info: Executing hook `AtEndAfterFileList' on input line 88.
Package rerunfilecheck Info: File `thesis.out' has not changed.
(rerunfilecheck)             Checksum: 5545F18695F8695CA1E7EC7ED075B8CD;3143.
Package atveryend Info: Empty hook `AtVeryVeryEnd' on input line 88.
 ) 
Here is how much of TeX's memory you used:
 11316 strings out of 493308
 170732 string characters out of 6137817
 288961 words of memory out of 5000000
 14010 multiletter control sequences out of 15000+600000
 95086 words of font info for 82 fonts, out of 8000000 for 9000
 957 hyphenation exceptions out of 8191
 36i,13n,43p,1170b,581s stack positions out of 5000i,500n,10000p,200000b,80000s
{/usr/local/texlive/2013/texmf-dist/fonts/enc/dvips/lm/lm-mathit.enc}{/usr/lo
cal/texlive/2013/texmf-dist/fonts/enc/dvips/lm/lm-mathsy.enc}{/usr/local/texliv
e/2013/texmf-dist/fonts/enc/dvips/lm/lm-rm.enc}{/usr/local/texlive/2013/texmf-d
ist/fonts/enc/dvips/lm/lm-mathex.enc}{/usr/local/texlive/2013/texmf-dist/fonts/
enc/dvips/lm/lm-ec.enc}</usr/local/texlive/2013/texmf-dist/fonts/type1/public/l
m/lmbx10.pfb></usr/local/texlive/2013/texmf-dist/fonts/type1/public/lm/lmbx12.p
fb></usr/local/texlive/2013/texmf-dist/fonts/type1/public/lm/lmcsc10.pfb></usr/
local/texlive/2013/texmf-dist/fonts/type1/public/lm/lmex10.pfb></usr/local/texl
ive/2013/texmf-dist/fonts/type1/public/lm/lmmi10.pfb></usr/local/texlive/2013/t
exmf-dist/fonts/type1/public/lm/lmmi12.pfb></usr/local/texlive/2013/texmf-dist/
fonts/type1/public/lm/lmmi5.pfb></usr/local/texlive/2013/texmf-dist/fonts/type1
/public/lm/lmmi6.pfb></usr/local/texlive/2013/texmf-dist/fonts/type1/public/lm/
lmmi7.pfb></usr/local/texlive/2013/texmf-dist/fonts/type1/public/lm/lmmi8.pfb><
/usr/local/texlive/2013/texmf-dist/fonts/type1/public/lm/lmmi9.pfb></usr/local/
texlive/2013/texmf-dist/fonts/type1/public/lm/lmr10.pfb></usr/local/texlive/201
3/texmf-dist/fonts/type1/public/lm/lmr17.pfb></usr/local/texlive/2013/texmf-dis
t/fonts/type1/public/lm/lmr5.pfb></usr/local/texlive/2013/texmf-dist/fonts/type
1/public/lm/lmr6.pfb></usr/local/texlive/2013/texmf-dist/fonts/type1/public/lm/
lmr8.pfb></usr/local/texlive/2013/texmf-dist/fonts/type1/public/lm/lmr9.pfb></u
sr/local/texlive/2013/texmf-dist/fonts/type1/public/lm/lmri10.pfb></usr/local/t
exlive/2013/texmf-dist/fonts/type1/public/lm/lmri8.pfb></usr/local/texlive/2013
/texmf-dist/fonts/type1/public/lm/lmsy10.pfb></usr/local/texlive/2013/texmf-dis
t/fonts/type1/public/lm/lmsy6.pfb></usr/local/texlive/2013/texmf-dist/fonts/typ
e1/public/lm/lmsy7.pfb></usr/local/texlive/2013/texmf-dist/fonts/type1/public/l
m/lmsy8.pfb></usr/local/texlive/2013/texmf-dist/fonts/type1/public/lm/lmsy9.pfb
></usr/local/texlive/2013/texmf-dist/fonts/type1/public/lm/lmtt12.pfb></usr/loc
al/texlive/2013/texmf-dist/fonts/type1/public/amsfonts/symbols/msbm10.pfb>
Output written on thesis.pdf (73 pages, 4621751 bytes).
PDF statistics:
 1076 PDF objects out of 1200 (max. 8388607)
 907 compressed objects within 10 object streams
 221 named destinations out of 1000 (max. 500000)
 542 words of extra memory for PDF output out of 10000 (max. 10000000)

