\BOOKMARK [0][-]{chapter.1}{Marco te\363rico}{}% 1
\BOOKMARK [1][-]{section.1.1}{Microscop\355a de Fluorescencia}{chapter.1}% 2
\BOOKMARK [2][-]{subsection.1.1.1}{Fundamentos de la microscop\355a}{section.1.1}% 3
\BOOKMARK [2][-]{subsection.1.1.2}{Microscopio de epifluorescencia}{section.1.1}% 4
\BOOKMARK [2][-]{subsection.1.1.3}{Microscop\355a confocal de barrido l\341ser}{section.1.1}% 5
\BOOKMARK [2][-]{subsection.1.1.4}{Microscop\355a multifot\363n}{section.1.1}% 6
\BOOKMARK [1][-]{section.1.2}{Propiedades \363pticas de marcadores en microscopia de fluorescencia}{chapter.1}% 7
\BOOKMARK [2][-]{subsection.1.2.1}{Eficiencia cu\341ntica de fluorescencia}{section.1.2}% 8
\BOOKMARK [2][-]{subsection.1.2.2}{Procesos no lineales: Absorci\363n de dos fotones}{section.1.2}% 9
\BOOKMARK [2][-]{subsection.1.2.3}{Medici\363n de TPA mediante la t\351cnica de TPEF}{section.1.2}% 10
\BOOKMARK [2][-]{subsection.1.2.4}{Transferencia de Energ\355a de Resonancia F\366rster \(FRET\)}{section.1.2}% 11
\BOOKMARK [0][-]{chapter.2}{Desarrollo Experimental}{}% 12
\BOOKMARK [1][-]{section.2.1}{Metodolog\355a: Descripci\363n de caracterizaci\363n \363ptica}{chapter.2}% 13
\BOOKMARK [1][-]{section.2.2}{Materiales y reactivos}{chapter.2}% 14
\BOOKMARK [1][-]{section.2.3}{Fabricaci\363n de nanopart\355culas por el m\351todo de reprecipitaci\363n}{chapter.2}% 15
\BOOKMARK [2][-]{subsection.2.3.1}{Recubrimiento de nanopart\355culas con PEG}{section.2.3}% 16
\BOOKMARK [1][-]{section.2.4}{Espectros de absorci\363n y emisi\363n lineal}{chapter.2}% 17
\BOOKMARK [1][-]{section.2.5}{Medici\363n de eficiencia cu\341ntica de fluorescencia}{chapter.2}% 18
\BOOKMARK [1][-]{section.2.6}{Medici\363n de TPA de 740 a 840 nm}{chapter.2}% 19
\BOOKMARK [1][-]{section.2.7}{Medici\363n de TPA de 650 a 760 nm}{chapter.2}% 20
\BOOKMARK [1][-]{section.2.8}{Fotoestabilidad de las nanopart\355culas}{chapter.2}% 21
\BOOKMARK [1][-]{section.2.9}{Internalizaci\363n de nanopart\355culas en l\355neas celulares X}{chapter.2}% 22
\BOOKMARK [0][-]{chapter.3}{Resultados}{}% 23
\BOOKMARK [1][-]{section.3.1}{Comparaci\363n de propiedades \363pticas entre sistemas moleculares dipolar, cuadrupolar y octopolar}{chapter.3}% 24
\BOOKMARK [0][-]{appendix*.26}{Bibliograf\355a}{}% 25
